c:\users\r.maurouard\documents\cours\architecture\fightengine\fightengine\fightengine\debug\fightengine.pch
c:\users\r.maurouard\documents\cours\architecture\fightengine\fightengine\fightengine\debug\vc140.pdb
c:\users\r.maurouard\documents\cours\architecture\fightengine\fightengine\fightengine\debug\vc140.idb
c:\users\r.maurouard\documents\cours\architecture\fightengine\fightengine\fightengine\debug\stdafx.obj
c:\users\r.maurouard\documents\cours\architecture\fightengine\fightengine\fightengine\debug\fightengine.obj
c:\users\r.maurouard\documents\cours\architecture\fightengine\fightengine\fightengine\debug\game.obj
c:\users\r.maurouard\documents\cours\architecture\fightengine\fightengine\fightengine\debug\gamemode.obj
c:\users\r.maurouard\documents\cours\architecture\fightengine\fightengine\fightengine\debug\inaction.obj
c:\users\r.maurouard\documents\cours\architecture\fightengine\fightengine\fightengine\debug\inputhandler.obj
c:\users\r.maurouard\documents\cours\architecture\fightengine\fightengine\fightengine\debug\jump.obj
c:\users\r.maurouard\documents\cours\architecture\fightengine\fightengine\fightengine\debug\jumping.obj
c:\users\r.maurouard\documents\cours\architecture\fightengine\fightengine\fightengine\debug\loosecondition.obj
c:\users\r.maurouard\documents\cours\architecture\fightengine\fightengine\fightengine\debug\movebackward.obj
c:\users\r.maurouard\documents\cours\architecture\fightengine\fightengine\fightengine\debug\moveforward.obj
c:\users\r.maurouard\documents\cours\architecture\fightengine\fightengine\fightengine\debug\observer.obj
c:\users\r.maurouard\documents\cours\architecture\fightengine\fightengine\fightengine\debug\player.obj
c:\users\r.maurouard\documents\cours\architecture\fightengine\fightengine\fightengine\debug\playerstate.obj
c:\users\r.maurouard\documents\cours\architecture\fightengine\fightengine\fightengine\debug\quickmatch.obj
c:\users\r.maurouard\documents\cours\architecture\fightengine\fightengine\fightengine\debug\ready.obj
c:\users\r.maurouard\documents\cours\architecture\fightengine\fightengine\fightengine\debug\round.obj
c:\users\r.maurouard\documents\cours\architecture\fightengine\fightengine\fightengine\debug\stunned.obj
c:\users\r.maurouard\documents\cours\architecture\fightengine\fightengine\fightengine\debug\subject.obj
c:\users\r.maurouard\documents\cours\architecture\fightengine\fightengine\fightengine\debug\timer.obj
c:\users\r.maurouard\documents\cours\architecture\fightengine\fightengine\fightengine\debug\tournament.obj
c:\users\r.maurouard\documents\cours\architecture\fightengine\fightengine\fightengine\debug\action.obj
c:\users\r.maurouard\documents\cours\architecture\fightengine\fightengine\fightengine\debug\actionstate.obj
c:\users\r.maurouard\documents\cours\architecture\fightengine\fightengine\fightengine\debug\active.obj
c:\users\r.maurouard\documents\cours\architecture\fightengine\fightengine\fightengine\debug\adventure.obj
c:\users\r.maurouard\documents\cours\architecture\fightengine\fightengine\fightengine\debug\attack1.obj
c:\users\r.maurouard\documents\cours\architecture\fightengine\fightengine\fightengine\debug\attack2.obj
c:\users\r.maurouard\documents\cours\architecture\fightengine\fightengine\fightengine\debug\attacking.obj
c:\users\r.maurouard\documents\cours\architecture\fightengine\fightengine\fightengine\debug\block.obj
c:\users\r.maurouard\documents\cours\architecture\fightengine\fightengine\fightengine\debug\combo.obj
c:\users\r.maurouard\documents\cours\architecture\fightengine\fightengine\fightengine\debug\cooldown.obj
c:\users\r.maurouard\documents\cours\architecture\fightengine\fightengine\fightengine\debug\crouch.obj
c:\users\r.maurouard\documents\cours\architecture\fightengine\fightengine\fightengine\debug\crouching.obj
c:\users\r.maurouard\documents\cours\architecture\fightengine\fightengine\fightengine\debug\currentaction.obj
c:\users\r.maurouard\documents\cours\architecture\fightengine\fightengine\debug\fightengine.ilk
c:\users\r.maurouard\documents\cours\architecture\fightengine\fightengine\debug\fightengine.exe
c:\users\r.maurouard\documents\cours\architecture\fightengine\fightengine\debug\fightengine.pdb
c:\users\r.maurouard\documents\cours\architecture\fightengine\fightengine\fightengine\debug\fightengine.tlog\cl.command.1.tlog
c:\users\r.maurouard\documents\cours\architecture\fightengine\fightengine\fightengine\debug\fightengine.tlog\cl.read.1.tlog
c:\users\r.maurouard\documents\cours\architecture\fightengine\fightengine\fightengine\debug\fightengine.tlog\cl.write.1.tlog
c:\users\r.maurouard\documents\cours\architecture\fightengine\fightengine\fightengine\debug\fightengine.tlog\link.command.1.tlog
c:\users\r.maurouard\documents\cours\architecture\fightengine\fightengine\fightengine\debug\fightengine.tlog\link.read.1.tlog
c:\users\r.maurouard\documents\cours\architecture\fightengine\fightengine\fightengine\debug\fightengine.tlog\link.write.1.tlog
