Build started 11/01/2016 16:43:24.
     1>Project "C:\Users\j.calvo\Desktop\fightengine\FightEngine\FightEngine\FightEngine.vcxproj" on node 2 (Build target(s)).
     1>ClCompile:
         C:\Program Files (x86)\Microsoft Visual Studio 14.0\VC\bin\CL.exe /c /ZI /nologo /W3 /WX- /sdl /Od /Oy- /D WIN32 /D _DEBUG /D _CONSOLE /D _UNICODE /D UNICODE /Gm /EHsc /RTC1 /MDd /GS /fp:precise /Zc:wchar_t /Zc:forScope /Zc:inline /Yu"stdafx.h" /Fp"Debug\FightEngine.pch" /Fo"Debug\\" /Fd"Debug\vc140.pdb" /Gd /TP /analyze- /errorReport:prompt Action.cpp Attack1.cpp Attack2.cpp Block.cpp Combo.cpp Crouch.cpp Crouching.cpp CurrentAction.cpp Game.cpp InputHandler.cpp Jump.cpp MoveBackward.cpp MoveForward.cpp Player.cpp QuickMatch.cpp Round.cpp
         Player.cpp
         MoveForward.cpp
         MoveBackward.cpp
         Jump.cpp
         Game.cpp
         Crouching.cpp
         Crouch.cpp
         Block.cpp
         Attack2.cpp
     1>c:\users\j.calvo\desktop\fightengine\fightengine\fightengine\attack2.cpp(32): warning C4244: 'argument': conversion from 'float' to 'int', possible loss of data
         Attack1.cpp
     1>c:\users\j.calvo\desktop\fightengine\fightengine\fightengine\attack1.cpp(31): warning C4244: 'argument': conversion from 'float' to 'int', possible loss of data
         Generating Code...
         Compiling...
         QuickMatch.cpp
         InputHandler.cpp
         Generating Code...
         Skipping... (no relevant changes detected)
         Round.cpp
         CurrentAction.cpp
         Combo.cpp
         Action.cpp
       Link:
         C:\Program Files (x86)\Microsoft Visual Studio 14.0\VC\bin\link.exe /ERRORREPORT:PROMPT /OUT:"C:\Users\j.calvo\Desktop\fightengine\FightEngine\Debug\FightEngine.exe" /INCREMENTAL /NOLOGO kernel32.lib user32.lib gdi32.lib winspool.lib comdlg32.lib advapi32.lib shell32.lib ole32.lib oleaut32.lib uuid.lib odbc32.lib odbccp32.lib /MANIFEST /MANIFESTUAC:"level='asInvoker' uiAccess='false'" /manifest:embed /Debug /PDB:"C:\Users\j.calvo\Desktop\fightengine\FightEngine\Debug\FightEngine.pdb" /SUBSYSTEM:CONSOLE /TLBID:1 /DYNAMICBASE /NXCOMPAT /IMPLIB:"C:\Users\j.calvo\Desktop\fightengine\FightEngine\Debug\FightEngine.lib" /MACHINE:X86 Debug\Action.obj
         Debug\ActionState.obj
         Debug\Active.obj
         Debug\Adventure.obj
         Debug\Attack1.obj
         Debug\Attack2.obj
         Debug\Attacking.obj
         Debug\Block.obj
         Debug\Combo.obj
         Debug\Cooldown.obj
         Debug\Crouch.obj
         Debug\Crouching.obj
         Debug\CurrentAction.obj
         Debug\FightEngine.obj
         Debug\Game.obj
         Debug\GameMode.obj
         Debug\InAction.obj
         Debug\InputHandler.obj
         Debug\Jump.obj
         Debug\Jumping.obj
         Debug\LooseCondition.obj
         Debug\MoveBackward.obj
         Debug\MoveForward.obj
         Debug\Observer.obj
         Debug\Player.obj
         Debug\PlayerState.obj
         Debug\QuickMatch.obj
         Debug\Ready.obj
         Debug\Round.obj
         Debug\stdafx.obj
         Debug\Stunned.obj
         Debug\Subject.obj
         Debug\Timer.obj
         Debug\Tournament.obj
         FightEngine.vcxproj -> C:\Users\j.calvo\Desktop\fightengine\FightEngine\Debug\FightEngine.exe
     1>Done Building Project "C:\Users\j.calvo\Desktop\fightengine\FightEngine\FightEngine\FightEngine.vcxproj" (Build target(s)).

Build succeeded.

Time Elapsed 00:00:03.19
